# JRE version: OpenJDK Runtime Environment Temurin-21.0.10+7 (21.0.10+7) (build 21.0.10+7-LTS)
# Java VM: OpenJDK 64-Bit Server VM Temurin-21.0.10+7 (21.0.10+7-LTS, mixed mode, sharing, tiered, compressed oops, compressed class ptrs, parallel gc, windows-amd64)
GC Precious Log:
 CardTable entry size: 512
 CPUs: 4 total, 4 available
 Memory: 8101M
 Large Page Support: Disabled
 NUMA Support: Disabled
 Compressed Oops: Enabled (32-bit)
 Alignments: Space 512K, Generation 512K, Heap 2M
 Heap Min Capacity: 100M
 Heap Initial Capacity: 100M
 Heap Max Capacity: 2G
 Pre-touch: Disabled
 Parallel Workers: 4
Heap:
 PSYoungGen      total 3584K, used 2450K [0x00000000d5580000, 0x00000000d5b00000, 0x0000000100000000)
  eden space 3072K, 75% used [0x00000000d5580000,0x00000000d57c4ac0,0x00000000d5880000)
  from space 512K, 25% used [0x00000000d5a80000,0x00000000d5aa0000,0x00000000d5b00000)
  to   space 512K, 0% used [0x00000000d5a00000,0x00000000d5a00000,0x00000000d5a80000)
 ParOldGen       total 1184256K, used 1183991K [0x0000000080000000, 0x00000000c8480000, 0x00000000d5580000)
  object space 1184256K, 99% used [0x0000000080000000,0x00000000c843de78,0x00000000c8480000)
 Metaspace       used 87495K, committed 89280K, reserved 1179648K
  class space    used 9100K, committed 9920K, reserved 1048576K
GC Heap History (20 events):
Event: 1441.891 GC heap before
{Heap before GC invocations=1736 (full 4):
 PSYoungGen      total 3584K, used 3199K [0x00000000d5580000, 0x00000000d5b00000, 0x0000000100000000)
  eden space 3072K, 99% used [0x00000000d5580000,0x00000000d587fff8,0x00000000d5880000)
  from space 512K, 25% used [0x00000000d5a80000,0x00000000d5aa0000,0x00000000d5b00000)
  to   space 512K, 0% used [0x00000000d5a00000,0x00000000d5a00000,0x00000000d5a80000)
 ParOldGen       total 1184256K, used 1183775K [0x0000000080000000, 0x00000000c8480000, 0x00000000d5580000)
  object space 1184256K, 99% used [0x0000000080000000,0x00000000c8407e78,0x00000000c8480000)
 Metaspace       used 87414K, committed 89216K, reserved 1179648K
  class space    used 9098K, committed 9920K, reserved 1048576K
}
Event: 1441.895 GC heap after
{Heap after GC invocations=1736 (full 4):
 PSYoungGen      total 3584K, used 128K [0x00000000d5580000, 0x00000000d5b00000, 0x0000000100000000)
  eden space 3072K, 0% used [0x00000000d5580000,0x00000000d5580000,0x00000000d5880000)
  from space 512K, 25% used [0x00000000d5a00000,0x00000000d5a20000,0x00000000d5a80000)
  to   space 512K, 0% used [0x00000000d5a80000,0x00000000d5a80000,0x00000000d5b00000)
 ParOldGen       total 1184256K, used 1183783K [0x0000000080000000, 0x00000000c8480000, 0x00000000d5580000)
  object space 1184256K, 99% used [0x0000000080000000,0x00000000c8409e78,0x00000000c8480000)
 Metaspace       used 87414K, committed 89216K, reserved 1179648K
  class space    used 9098K, committed 9920K, reserved 1048576K
}
Event: 1443.953 GC heap before
{Heap before GC invocations=1737 (full 4):
 PSYoungGen      total 3584K, used 3200K [0x00000000d5580000, 0x00000000d5b00000, 0x0000000100000000)
  eden space 3072K, 100% used [0x00000000d5580000,0x00000000d5880000,0x00000000d5880000)
  from space 512K, 25% used [0x00000000d5a00000,0x00000000d5a20000,0x00000000d5a80000)
  to   space 512K, 0% used [0x00000000d5a80000,0x00000000d5a80000,0x00000000d5b00000)
 ParOldGen       total 1184256K, used 1183783K [0x0000000080000000, 0x00000000c8480000, 0x00000000d5580000)
  object space 1184256K, 99% used [0x0000000080000000,0x00000000c8409e78,0x00000000c8480000)
 Metaspace       used 87424K, committed 89216K, reserved 1179648K
  class space    used 9098K, committed 9920K, reserved 1048576K
}
Event: 1443.956 GC heap after
{Heap after GC invocations=1737 (full 4):
 PSYoungGen      total 3584K, used 96K [0x00000000d5580000, 0x00000000d5b00000, 0x0000000100000000)
  eden space 3072K, 0% used [0x00000000d5580000,0x00000000d5580000,0x00000000d5880000)
  from space 512K, 18% used [0x00000000d5a80000,0x00000000d5a98000,0x00000000d5b00000)
  to   space 512K, 0% used [0x00000000d5a00000,0x00000000d5a00000,0x00000000d5a80000)
 ParOldGen       total 1184256K, used 1183799K [0x0000000080000000, 0x00000000c8480000, 0x00000000d5580000)
  object space 1184256K, 99% used [0x0000000080000000,0x00000000c840de78,0x00000000c8480000)
 Metaspace       used 87424K, committed 89216K, reserved 1179648K
  class space    used 9098K, committed 9920K, reserved 1048576K
}
Event: 1450.298 GC heap before
{Heap before GC invocations=1738 (full 4):
 PSYoungGen      total 3584K, used 3141K [0x00000000d5580000, 0x00000000d5b00000, 0x0000000100000000)
  eden space 3072K, 99% used [0x00000000d5580000,0x00000000d5879620,0x00000000d5880000)
  from space 512K, 18% used [0x00000000d5a80000,0x00000000d5a98000,0x00000000d5b00000)
  to   space 512K, 0% used [0x00000000d5a00000,0x00000000d5a00000,0x00000000d5a80000)
 ParOldGen       total 1184256K, used 1183799K [0x0000000080000000, 0x00000000c8480000, 0x00000000d5580000)
  object space 1184256K, 99% used [0x0000000080000000,0x00000000c840de78,0x00000000c8480000)
 Metaspace       used 87429K, committed 89216K, reserved 1179648K
  class space    used 9098K, committed 9920K, reserved 1048576K
}
Event: 1450.302 GC heap after
{Heap after GC invocations=1738 (full 4):
 PSYoungGen      total 3584K, used 128K [0x00000000d5580000, 0x00000000d5b00000, 0x0000000100000000)
  eden space 3072K, 0% used [0x00000000d5580000,0x00000000d5580000,0x00000000d5880000)
  from space 512K, 25% used [0x00000000d5a00000,0x00000000d5a20000,0x00000000d5a80000)
  to   space 512K, 0% used [0x00000000d5a80000,0x00000000d5a80000,0x00000000d5b00000)
 ParOldGen       total 1184256K, used 1183839K [0x0000000080000000, 0x00000000c8480000, 0x00000000d5580000)
  object space 1184256K, 99% used [0x0000000080000000,0x00000000c8417e78,0x00000000c8480000)
 Metaspace       used 87429K, committed 89216K, reserved 1179648K
  class space    used 9098K, committed 9920K, reserved 1048576K
}
Event: 1451.985 GC heap before
{Heap before GC invocations=1739 (full 4):
 PSYoungGen      total 3584K, used 3199K [0x00000000d5580000, 0x00000000d5b00000, 0x0000000100000000)
  eden space 3072K, 99% used [0x00000000d5580000,0x00000000d587fff0,0x00000000d5880000)
  from space 512K, 25% used [0x00000000d5a00000,0x00000000d5a20000,0x00000000d5a80000)
  to   space 512K, 0% used [0x00000000d5a80000,0x00000000d5a80000,0x00000000d5b00000)
 ParOldGen       total 1184256K, used 1183839K [0x0000000080000000, 0x00000000c8480000, 0x00000000d5580000)
  object space 1184256K, 99% used [0x0000000080000000,0x00000000c8417e78,0x00000000c8480000)
 Metaspace       used 87441K, committed 89216K, reserved 1179648K
  class space    used 9098K, committed 9920K, reserved 1048576K
}
Event: 1451.988 GC heap after
{Heap after GC invocations=1739 (full 4):
 PSYoungGen      total 3584K, used 128K [0x00000000d5580000, 0x00000000d5b00000, 0x0000000100000000)
  eden space 3072K, 0% used [0x00000000d5580000,0x00000000d5580000,0x00000000d5880000)
  from space 512K, 25% used [0x00000000d5a80000,0x00000000d5aa0000,0x00000000d5b00000)
  to   space 512K, 0% used [0x00000000d5a00000,0x00000000d5a00000,0x00000000d5a80000)
 ParOldGen       total 1184256K, used 1183863K [0x0000000080000000, 0x00000000c8480000, 0x00000000d5580000)
  object space 1184256K, 99% used [0x0000000080000000,0x00000000c841de78,0x00000000c8480000)
 Metaspace       used 87441K, committed 89216K, reserved 1179648K
  class space    used 9098K, committed 9920K, reserved 1048576K
}
Event: 1525.353 GC heap before
{Heap before GC invocations=1740 (full 4):
 PSYoungGen      total 3584K, used 3200K [0x00000000d5580000, 0x00000000d5b00000, 0x0000000100000000)
  eden space 3072K, 100% used [0x00000000d5580000,0x00000000d5880000,0x00000000d5880000)
  from space 512K, 25% used [0x00000000d5a80000,0x00000000d5aa0000,0x00000000d5b00000)
  to   space 512K, 0% used [0x00000000d5a00000,0x00000000d5a00000,0x00000000d5a80000)
 ParOldGen       total 1184256K, used 1183863K [0x0000000080000000, 0x00000000c8480000, 0x00000000d5580000)
  object space 1184256K, 99% used [0x0000000080000000,0x00000000c841de78,0x00000000c8480000)
 Metaspace       used 87456K, committed 89216K, reserved 1179648K
  class space    used 9100K, committed 9920K, reserved 1048576K
}
Event: 1525.359 GC heap after
{Heap after GC invocations=1740 (full 4):
 PSYoungGen      total 3584K, used 128K [0x00000000d5580000, 0x00000000d5b00000, 0x0000000100000000)
  eden space 3072K, 0% used [0x00000000d5580000,0x00000000d5580000,0x00000000d5880000)
  from space 512K, 25% used [0x00000000d5a00000,0x00000000d5a20000,0x00000000d5a80000)
  to   space 512K, 0% used [0x00000000d5a80000,0x00000000d5a80000,0x00000000d5b00000)
 ParOldGen       total 1184256K, used 1183895K [0x0000000080000000, 0x00000000c8480000, 0x00000000d5580000)
  object space 1184256K, 99% used [0x0000000080000000,0x00000000c8425e78,0x00000000c8480000)
 Metaspace       used 87456K, committed 89216K, reserved 1179648K
  class space    used 9100K, committed 9920K, reserved 1048576K
}
Event: 1551.314 GC heap before
{Heap before GC invocations=1741 (full 4):
 PSYoungGen      total 3584K, used 3200K [0x00000000d5580000, 0x00000000d5b00000, 0x0000000100000000)
  eden space 3072K, 100% used [0x00000000d5580000,0x00000000d5880000,0x00000000d5880000)
  from space 512K, 25% used [0x00000000d5a00000,0x00000000d5a20000,0x00000000d5a80000)
  to   space 512K, 0% used [0x00000000d5a80000,0x00000000d5a80000,0x00000000d5b00000)
 ParOldGen       total 1184256K, used 1183895K [0x0000000080000000, 0x00000000c8480000, 0x00000000d5580000)
  object space 1184256K, 99% used [0x0000000080000000,0x00000000c8425e78,0x00000000c8480000)
 Metaspace       used 87456K, committed 89216K, reserved 1179648K
  class space    used 9100K, committed 9920K, reserved 1048576K
}
Event: 1551.317 GC heap after
{Heap after GC invocations=1741 (full 4):
 PSYoungGen      total 3584K, used 96K [0x00000000d5580000, 0x00000000d5b00000, 0x0000000100000000)
  eden space 3072K, 0% used [0x00000000d5580000,0x00000000d5580000,0x00000000d5880000)
  from space 512K, 18% used [0x00000000d5a80000,0x00000000d5a98000,0x00000000d5b00000)
  to   space 512K, 0% used [0x00000000d5a00000,0x00000000d5a00000,0x00000000d5a80000)
 ParOldGen       total 1184256K, used 1183927K [0x0000000080000000, 0x00000000c8480000, 0x00000000d5580000)
  object space 1184256K, 99% used [0x0000000080000000,0x00000000c842de78,0x00000000c8480000)
 Metaspace       used 87456K, committed 89216K, reserved 1179648K
  class space    used 9100K, committed 9920K, reserved 1048576K
}
Event: 1577.218 GC heap before
{Heap before GC invocations=1742 (full 4):
 PSYoungGen      total 3584K, used 3168K [0x00000000d5580000, 0x00000000d5b00000, 0x0000000100000000)
  eden space 3072K, 100% used [0x00000000d5580000,0x00000000d5880000,0x00000000d5880000)
  from space 512K, 18% used [0x00000000d5a80000,0x00000000d5a98000,0x00000000d5b00000)
  to   space 512K, 0% used [0x00000000d5a00000,0x00000000d5a00000,0x00000000d5a80000)
 ParOldGen       total 1184256K, used 1183927K [0x0000000080000000, 0x00000000c8480000, 0x00000000d5580000)
  object space 1184256K, 99% used [0x0000000080000000,0x00000000c842de78,0x00000000c8480000)
 Metaspace       used 87456K, committed 89216K, reserved 1179648K
  class space    used 9100K, committed 9920K, reserved 1048576K
}
Event: 1577.224 GC heap after
{Heap after GC invocations=1742 (full 4):
 PSYoungGen      total 3584K, used 32K [0x00000000d5580000, 0x00000000d5b00000, 0x0000000100000000)
  eden space 3072K, 0% used [0x00000000d5580000,0x00000000d5580000,0x00000000d5880000)
  from space 512K, 6% used [0x00000000d5a00000,0x00000000d5a08000,0x00000000d5a80000)
  to   space 512K, 0% used [0x00000000d5a80000,0x00000000d5a80000,0x00000000d5b00000)
 ParOldGen       total 1184256K, used 1183935K [0x0000000080000000, 0x00000000c8480000, 0x00000000d5580000)
  object space 1184256K, 99% used [0x0000000080000000,0x00000000c842fe78,0x00000000c8480000)
 Metaspace       used 87456K, committed 89216K, reserved 1179648K
  class space    used 9100K, committed 9920K, reserved 1048576K
}
Event: 2863.374 GC heap before
{Heap before GC invocations=1743 (full 4):
 PSYoungGen      total 3584K, used 3104K [0x00000000d5580000, 0x00000000d5b00000, 0x0000000100000000)
  eden space 3072K, 100% used [0x00000000d5580000,0x00000000d5880000,0x00000000d5880000)
  from space 512K, 6% used [0x00000000d5a00000,0x00000000d5a08000,0x00000000d5a80000)
  to   space 512K, 0% used [0x00000000d5a80000,0x00000000d5a80000,0x00000000d5b00000)
 ParOldGen       total 1184256K, used 1183935K [0x0000000080000000, 0x00000000c8480000, 0x00000000d5580000)
  object space 1184256K, 99% used [0x0000000080000000,0x00000000c842fe78,0x00000000c8480000)
 Metaspace       used 87473K, committed 89280K, reserved 1179648K
  class space    used 9100K, committed 9920K, reserved 1048576K
}
Event: 2863.545 GC heap after
{Heap after GC invocations=1743 (full 4):
 PSYoungGen      total 3584K, used 128K [0x00000000d5580000, 0x00000000d5b00000, 0x0000000100000000)
  eden space 3072K, 0% used [0x00000000d5580000,0x00000000d5580000,0x00000000d5880000)
  from space 512K, 25% used [0x00000000d5a80000,0x00000000d5aa0000,0x00000000d5b00000)
  to   space 512K, 0% used [0x00000000d5a00000,0x00000000d5a00000,0x00000000d5a80000)
 ParOldGen       total 1184256K, used 1183943K [0x0000000080000000, 0x00000000c8480000, 0x00000000d5580000)
  object space 1184256K, 99% used [0x0000000080000000,0x00000000c8431e78,0x00000000c8480000)
 Metaspace       used 87473K, committed 89280K, reserved 1179648K
  class space    used 9100K, committed 9920K, reserved 1048576K
}
Event: 2971.139 GC heap before
{Heap before GC invocations=1744 (full 4):
 PSYoungGen      total 3584K, used 3200K [0x00000000d5580000, 0x00000000d5b00000, 0x0000000100000000)
  eden space 3072K, 100% used [0x00000000d5580000,0x00000000d5880000,0x00000000d5880000)
  from space 512K, 25% used [0x00000000d5a80000,0x00000000d5aa0000,0x00000000d5b00000)
  to   space 512K, 0% used [0x00000000d5a00000,0x00000000d5a00000,0x00000000d5a80000)
 ParOldGen       total 1184256K, used 1183943K [0x0000000080000000, 0x00000000c8480000, 0x00000000d5580000)
  object space 1184256K, 99% used [0x0000000080000000,0x00000000c8431e78,0x00000000c8480000)
 Metaspace       used 87473K, committed 89280K, reserved 1179648K
  class space    used 9100K, committed 9920K, reserved 1048576K
}
Event: 2971.149 GC heap after
{Heap after GC invocations=1744 (full 4):
 PSYoungGen      total 3584K, used 128K [0x00000000d5580000, 0x00000000d5b00000, 0x0000000100000000)
  eden space 3072K, 0% used [0x00000000d5580000,0x00000000d5580000,0x00000000d5880000)
  from space 512K, 25% used [0x00000000d5a00000,0x00000000d5a20000,0x00000000d5a80000)
  to   space 512K, 0% used [0x00000000d5a80000,0x00000000d5a80000,0x00000000d5b00000)
 ParOldGen       total 1184256K, used 1183967K [0x0000000080000000, 0x00000000c8480000, 0x00000000d5580000)
  object space 1184256K, 99% used [0x0000000080000000,0x00000000c8437e78,0x00000000c8480000)
 Metaspace       used 87473K, committed 89280K, reserved 1179648K
  class space    used 9100K, committed 9920K, reserved 1048576K
}
Event: 2982.977 GC heap before
{Heap before GC invocations=1745 (full 4):
 PSYoungGen      total 3584K, used 3200K [0x00000000d5580000, 0x00000000d5b00000, 0x0000000100000000)
  eden space 3072K, 100% used [0x00000000d5580000,0x00000000d5880000,0x00000000d5880000)
  from space 512K, 25% used [0x00000000d5a00000,0x00000000d5a20000,0x00000000d5a80000)
  to   space 512K, 0% used [0x00000000d5a80000,0x00000000d5a80000,0x00000000d5b00000)
 ParOldGen       total 1184256K, used 1183967K [0x0000000080000000, 0x00000000c8480000, 0x00000000d5580000)
  object space 1184256K, 99% used [0x0000000080000000,0x00000000c8437e78,0x00000000c8480000)
 Metaspace       used 87473K, committed 89280K, reserved 1179648K
  class space    used 9100K, committed 9920K, reserved 1048576K
}
Event: 2982.989 GC heap after
{Heap after GC invocations=1745 (full 4):
 PSYoungGen      total 3584K, used 128K [0x00000000d5580000, 0x00000000d5b00000, 0x0000000100000000)
  eden space 3072K, 0% used [0x00000000d5580000,0x00000000d5580000,0x00000000d5880000)
  from space 512K, 25% used [0x00000000d5a80000,0x00000000d5aa0000,0x00000000d5b00000)
  to   space 512K, 0% used [0x00000000d5a00000,0x00000000d5a00000,0x00000000d5a80000)
 ParOldGen       total 1184256K, used 1183991K [0x0000000080000000, 0x00000000c8480000, 0x00000000d5580000)
  object space 1184256K, 99% used [0x0000000080000000,0x00000000c843de78,0x00000000c8480000)
 Metaspace       used 87473K, committed 89280K, reserved 1179648K
  class space    used 9100K, committed 9920K, reserved 1048576K
}

